# JRE version: Java(TM) SE Runtime Environment (7.0_79-b15) (build 1.7.0_79-b15)
# Java VM: Java HotSpot(TM) 64-Bit Server VM (24.79-b02 mixed mode bsd-amd64 compressed oops)
Heap
 PSYoungGen      total 878080K, used 490424K [0x00000007c0000000, 0x0000000800000000, 0x0000000800000000)
  eden space 729088K, 50% used [0x00000007c0000000,0x00000007d650cac8,0x00000007ec800000)
  from space 148992K, 83% used [0x00000007f6e80000,0x00000007fe8615b8,0x0000000800000000)
  to   space 159744K, 0% used [0x00000007ec800000,0x00000007ec800000,0x00000007f6400000)
 ParOldGen       total 728576K, used 498252K [0x0000000740000000, 0x000000076c780000, 0x00000007c0000000)
  object space 728576K, 68% used [0x0000000740000000,0x000000075e6933d8,0x000000076c780000)
 PSPermGen       total 179712K, used 170390K [0x0000000700000000, 0x000000070af80000, 0x0000000740000000)
  object space 179712K, 94% used [0x0000000700000000,0x000000070a665b60,0x000000070af80000)
GC Heap History (10 events):
Event: 1453.245 GC heap before
{Heap before GC invocations=103 (full 3):
 PSYoungGen      total 984064K, used 984032K [0x00000007c0000000, 0x0000000800000000, 0x0000000800000000)
  eden space 921088K, 100% used [0x00000007c0000000,0x00000007f8380000,0x00000007f8380000)
  from space 62976K, 99% used [0x00000007f8380000,0x00000007fc0f8090,0x00000007fc100000)
  to   space 64512K, 0% used [0x00000007fc100000,0x00000007fc100000,0x0000000800000000)
 ParOldGen       total 728576K, used 356879K [0x0000000740000000, 0x000000076c780000, 0x00000007c0000000)
  object space 728576K, 48% used [0x0000000740000000,0x0000000755c83d80,0x000000076c780000)
 PSPermGen       total 179712K, used 155183K [0x0000000700000000, 0x000000070af80000, 0x0000000740000000)
  object space 179712K, 86% used [0x0000000700000000,0x000000070978bca0,0x000000070af80000)
Event: 1453.280 GC heap after
Heap after GC invocations=103 (full 3):
 PSYoungGen      total 950272K, used 64490K [0x00000007c0000000, 0x0000000800000000, 0x0000000800000000)
  eden space 885760K, 0% used [0x00000007c0000000,0x00000007c0000000,0x00000007f6100000)
  from space 64512K, 99% used [0x00000007fc100000,0x00000007ffffa9d0,0x0000000800000000)
  to   space 81408K, 0% used [0x00000007f6100000,0x00000007f6100000,0x00000007fb080000)
 ParOldGen       total 728576K, used 382723K [0x0000000740000000, 0x000000076c780000, 0x00000007c0000000)
  object space 728576K, 52% used [0x0000000740000000,0x00000007575c0f58,0x000000076c780000)
 PSPermGen       total 179712K, used 155183K [0x0000000700000000, 0x000000070af80000, 0x0000000740000000)
  object space 179712K, 86% used [0x0000000700000000,0x000000070978bca0,0x000000070af80000)
}
Event: 1453.876 GC heap before
{Heap before GC invocations=104 (full 3):
 PSYoungGen      total 950272K, used 950250K [0x00000007c0000000, 0x0000000800000000, 0x0000000800000000)
  eden space 885760K, 100% used [0x00000007c0000000,0x00000007f6100000,0x00000007f6100000)
  from space 64512K, 99% used [0x00000007fc100000,0x00000007ffffa9d0,0x0000000800000000)
  to   space 81408K, 0% used [0x00000007f6100000,0x00000007f6100000,0x00000007fb080000)
 ParOldGen       total 728576K, used 382723K [0x0000000740000000, 0x000000076c780000, 0x00000007c0000000)
  object space 728576K, 52% used [0x0000000740000000,0x00000007575c0f58,0x000000076c780000)
 PSPermGen       total 179712K, used 155202K [0x0000000700000000, 0x000000070af80000, 0x0000000740000000)
  object space 179712K, 86% used [0x0000000700000000,0x00000007097908e0,0x000000070af80000)
Event: 1453.911 GC heap after
Heap after GC invocations=104 (full 3):
 PSYoungGen      total 967168K, used 81403K [0x00000007c0000000, 0x0000000800000000, 0x0000000800000000)
  eden space 885760K, 0% used [0x00000007c0000000,0x00000007c0000000,0x00000007f6100000)
  from space 81408K, 99% used [0x00000007f6100000,0x00000007fb07ed90,0x00000007fb080000)
  to   space 81408K, 0% used [0x00000007fb080000,0x00000007fb080000,0x0000000800000000)
 ParOldGen       total 728576K, used 390419K [0x0000000740000000, 0x000000076c780000, 0x00000007c0000000)
  object space 728576K, 53% used [0x0000000740000000,0x0000000757d44f68,0x000000076c780000)
 PSPermGen       total 179712K, used 155202K [0x0000000700000000, 0x000000070af80000, 0x0000000740000000)
  object space 179712K, 86% used [0x0000000700000000,0x00000007097908e0,0x000000070af80000)
}
Event: 1457.166 GC heap before
{Heap before GC invocations=105 (full 3):
 PSYoungGen      total 967168K, used 967163K [0x00000007c0000000, 0x0000000800000000, 0x0000000800000000)
  eden space 885760K, 100% used [0x00000007c0000000,0x00000007f6100000,0x00000007f6100000)
  from space 81408K, 99% used [0x00000007f6100000,0x00000007fb07ed90,0x00000007fb080000)
  to   space 81408K, 0% used [0x00000007fb080000,0x00000007fb080000,0x0000000800000000)
 ParOldGen       total 728576K, used 390419K [0x0000000740000000, 0x000000076c780000, 0x00000007c0000000)
  object space 728576K, 53% used [0x0000000740000000,0x0000000757d44f68,0x000000076c780000)
 PSPermGen       total 179712K, used 155672K [0x0000000700000000, 0x000000070af80000, 0x0000000740000000)
  object space 179712K, 86% used [0x0000000700000000,0x00000007098060c0,0x000000070af80000)
Event: 1457.237 GC heap after
Heap after GC invocations=105 (full 3):
 PSYoungGen      total 857600K, used 81386K [0x00000007c0000000, 0x0000000800000000, 0x0000000800000000)
  eden space 776192K, 0% used [0x00000007c0000000,0x00000007c0000000,0x00000007ef600000)
  from space 81408K, 99% used [0x00000007fb080000,0x00000007ffffabc8,0x0000000800000000)
  to   space 136192K, 0% used [0x00000007ef600000,0x00000007ef600000,0x00000007f7b00000)
 ParOldGen       total 728576K, used 494900K [0x0000000740000000, 0x000000076c780000, 0x00000007c0000000)
  object space 728576K, 67% used [0x0000000740000000,0x000000075e34d3b8,0x000000076c780000)
 PSPermGen       total 179712K, used 155672K [0x0000000700000000, 0x000000070af80000, 0x0000000740000000)
  object space 179712K, 86% used [0x0000000700000000,0x00000007098060c0,0x000000070af80000)
}
Event: 1459.353 GC heap before
{Heap before GC invocations=106 (full 3):
 PSYoungGen      total 857600K, used 857291K [0x00000007c0000000, 0x0000000800000000, 0x0000000800000000)
  eden space 776192K, 99% used [0x00000007c0000000,0x00000007ef5b8038,0x00000007ef600000)
  from space 81408K, 99% used [0x00000007fb080000,0x00000007ffffabc8,0x0000000800000000)
  to   space 136192K, 0% used [0x00000007ef600000,0x00000007ef600000,0x00000007f7b00000)
 ParOldGen       total 728576K, used 494900K [0x0000000740000000, 0x000000076c780000, 0x00000007c0000000)
  object space 728576K, 67% used [0x0000000740000000,0x000000075e34d3b8,0x000000076c780000)
 PSPermGen       total 179712K, used 155868K [0x0000000700000000, 0x000000070af80000, 0x0000000740000000)
  object space 179712K, 86% used [0x0000000700000000,0x0000000709837308,0x000000070af80000)
Event: 1459.402 GC heap after
Heap after GC invocations=106 (full 3):
 PSYoungGen      total 899072K, used 122671K [0x00000007c0000000, 0x0000000800000000, 0x0000000800000000)
  eden space 776192K, 0% used [0x00000007c0000000,0x00000007c0000000,0x00000007ef600000)
  from space 122880K, 99% used [0x00000007ef600000,0x00000007f6dcbfa0,0x00000007f6e00000)
  to   space 148992K, 0% used [0x00000007f6e80000,0x00000007f6e80000,0x0000000800000000)
 ParOldGen       total 728576K, used 496236K [0x0000000740000000, 0x000000076c780000, 0x00000007c0000000)
  object space 728576K, 68% used [0x0000000740000000,0x000000075e49b3b8,0x000000076c780000)
 PSPermGen       total 179712K, used 155868K [0x0000000700000000, 0x000000070af80000, 0x0000000740000000)
  object space 179712K, 86% used [0x0000000700000000,0x0000000709837308,0x000000070af80000)
}
Event: 1459.928 GC heap before
{Heap before GC invocations=107 (full 3):
 PSYoungGen      total 899072K, used 898863K [0x00000007c0000000, 0x0000000800000000, 0x0000000800000000)
  eden space 776192K, 100% used [0x00000007c0000000,0x00000007ef600000,0x00000007ef600000)
  from space 122880K, 99% used [0x00000007ef600000,0x00000007f6dcbfa0,0x00000007f6e00000)
  to   space 148992K, 0% used [0x00000007f6e80000,0x00000007f6e80000,0x0000000800000000)
 ParOldGen       total 728576K, used 496236K [0x0000000740000000, 0x000000076c780000, 0x00000007c0000000)
  object space 728576K, 68% used [0x0000000740000000,0x000000075e49b3b8,0x000000076c780000)
 PSPermGen       total 179712K, used 155871K [0x0000000700000000, 0x000000070af80000, 0x0000000740000000)
  object space 179712K, 86% used [0x0000000700000000,0x0000000709837e48,0x000000070af80000)
Event: 1459.970 GC heap after
Heap after GC invocations=107 (full 3):
 PSYoungGen      total 878080K, used 124805K [0x00000007c0000000, 0x0000000800000000, 0x0000000800000000)
  eden space 729088K, 0% used [0x00000007c0000000,0x00000007c0000000,0x00000007ec800000)
  from space 148992K, 83% used [0x00000007f6e80000,0x00000007fe8615b8,0x0000000800000000)
  to   space 159744K, 0% used [0x00000007ec800000,0x00000007ec800000,0x00000007f6400000)
 ParOldGen       total 728576K, used 498252K [0x0000000740000000, 0x000000076c780000, 0x00000007c0000000)
  object space 728576K, 68% used [0x0000000740000000,0x000000075e6933d8,0x000000076c780000)
 PSPermGen       total 179712K, used 155871K [0x0000000700000000, 0x000000070af80000, 0x0000000740000000)
  object space 179712K, 86% used [0x0000000700000000,0x0000000709837e48,0x000000070af80000)
}

