# JRE version: Java(TM) SE Runtime Environment (7.0_80-b15) (build 1.7.0_80-b15)
# Java VM: Java HotSpot(TM) 64-Bit Server VM (24.80-b11 mixed mode linux-amd64 compressed oops)
Heap
 PSYoungGen      total 607232K, used 18885K [0x00000007d5500000, 0x0000000800000000, 0x0000000800000000)
  eden space 565248K, 0% used [0x00000007d5500000,0x00000007d5500000,0x00000007f7d00000)
  from space 41984K, 44% used [0x00000007fd400000,0x00000007fe6715d0,0x00000007ffd00000)
  to   space 67072K, 0% used [0x00000007f7d00000,0x00000007f7d00000,0x00000007fbe80000)
 ParOldGen       total 168960K, used 168652K [0x0000000780000000, 0x000000078a500000, 0x00000007d5500000)
  object space 168960K, 99% used [0x0000000780000000,0x000000078a4b3220,0x000000078a500000)
 PSPermGen       total 111104K, used 62358K [0x0000000750000000, 0x0000000756c80000, 0x0000000780000000)
  object space 111104K, 56% used [0x0000000750000000,0x0000000753ce59d0,0x0000000756c80000)
GC Heap History (10 events):
Event: 250,420 GC heap after
Heap after GC invocations=14 (full 2):
 PSYoungGen      total 421888K, used 0K [0x00000007d5500000, 0x00000007f0c00000, 0x0000000800000000)
  eden space 397312K, 0% used [0x00000007d5500000,0x00000007d5500000,0x00000007ed900000)
  from space 24576K, 0% used [0x00000007ef200000,0x00000007ef200000,0x00000007f0a00000)
  to   space 25600K, 0% used [0x00000007ed900000,0x00000007ed900000,0x00000007ef200000)
 ParOldGen       total 168960K, used 32666K [0x0000000780000000, 0x000000078a500000, 0x00000007d5500000)
  object space 168960K, 19% used [0x0000000780000000,0x0000000781fe68c0,0x000000078a500000)
 PSPermGen       total 111104K, used 49312K [0x0000000750000000, 0x0000000756c80000, 0x0000000780000000)
  object space 111104K, 44% used [0x0000000750000000,0x0000000753028158,0x0000000756c80000)
}
Event: 253,271 GC heap before
{Heap before GC invocations=15 (full 2):
 PSYoungGen      total 421888K, used 397312K [0x00000007d5500000, 0x00000007f0c00000, 0x0000000800000000)
  eden space 397312K, 100% used [0x00000007d5500000,0x00000007ed900000,0x00000007ed900000)
  from space 24576K, 0% used [0x00000007ef200000,0x00000007ef200000,0x00000007f0a00000)
  to   space 25600K, 0% used [0x00000007ed900000,0x00000007ed900000,0x00000007ef200000)
 ParOldGen       total 168960K, used 32666K [0x0000000780000000, 0x000000078a500000, 0x00000007d5500000)
  object space 168960K, 19% used [0x0000000780000000,0x0000000781fe68c0,0x000000078a500000)
 PSPermGen       total 111104K, used 53355K [0x0000000750000000, 0x0000000756c80000, 0x0000000780000000)
  object space 111104K, 48% used [0x0000000750000000,0x000000075341ac98,0x0000000756c80000)
Event: 253,310 GC heap after
Heap after GC invocations=15 (full 2):
 PSYoungGen      total 422912K, used 25595K [0x00000007d5500000, 0x0000000800000000, 0x0000000800000000)
  eden space 397312K, 0% used [0x00000007d5500000,0x00000007d5500000,0x00000007ed900000)
  from space 25600K, 99% used [0x00000007ed900000,0x00000007ef1fef38,0x00000007ef200000)
  to   space 44544K, 0% used [0x00000007fd480000,0x00000007fd480000,0x0000000800000000)
 ParOldGen       total 168960K, used 74415K [0x0000000780000000, 0x000000078a500000, 0x00000007d5500000)
  object space 168960K, 44% used [0x0000000780000000,0x00000007848abf30,0x000000078a500000)
 PSPermGen       total 111104K, used 53355K [0x0000000750000000, 0x0000000756c80000, 0x0000000780000000)
  object space 111104K, 48% used [0x0000000750000000,0x000000075341ac98,0x0000000756c80000)
}
Event: 254,369 GC heap before
{Heap before GC invocations=16 (full 2):
 PSYoungGen      total 422912K, used 422907K [0x00000007d5500000, 0x0000000800000000, 0x0000000800000000)
  eden space 397312K, 100% used [0x00000007d5500000,0x00000007ed900000,0x00000007ed900000)
  from space 25600K, 99% used [0x00000007ed900000,0x00000007ef1fef38,0x00000007ef200000)
  to   space 44544K, 0% used [0x00000007fd480000,0x00000007fd480000,0x0000000800000000)
 ParOldGen       total 168960K, used 74415K [0x0000000780000000, 0x000000078a500000, 0x00000007d5500000)
  object space 168960K, 44% used [0x0000000780000000,0x00000007848abf30,0x000000078a500000)
 PSPermGen       total 111104K, used 54289K [0x0000000750000000, 0x0000000756c80000, 0x0000000780000000)
  object space 111104K, 48% used [0x0000000750000000,0x0000000753504780,0x0000000756c80000)
Event: 254,447 GC heap after
Heap after GC invocations=16 (full 2):
 PSYoungGen      total 656896K, used 13937K [0x00000007d5500000, 0x0000000800000000, 0x0000000800000000)
  eden space 612352K, 0% used [0x00000007d5500000,0x00000007d5500000,0x00000007fab00000)
  from space 44544K, 31% used [0x00000007fd480000,0x00000007fe21c630,0x0000000800000000)
  to   space 42496K, 0% used [0x00000007fab00000,0x00000007fab00000,0x00000007fd480000)
 ParOldGen       total 168960K, used 99595K [0x0000000780000000, 0x000000078a500000, 0x00000007d5500000)
  object space 168960K, 58% used [0x0000000780000000,0x0000000786142ee8,0x000000078a500000)
 PSPermGen       total 111104K, used 54289K [0x0000000750000000, 0x0000000756c80000, 0x0000000780000000)
  object space 111104K, 48% used [0x0000000750000000,0x0000000753504780,0x0000000756c80000)
}
Event: 255,438 GC heap before
{Heap before GC invocations=17 (full 2):
 PSYoungGen      total 656896K, used 626289K [0x00000007d5500000, 0x0000000800000000, 0x0000000800000000)
  eden space 612352K, 100% used [0x00000007d5500000,0x00000007fab00000,0x00000007fab00000)
  from space 44544K, 31% used [0x00000007fd480000,0x00000007fe21c630,0x0000000800000000)
  to   space 42496K, 0% used [0x00000007fab00000,0x00000007fab00000,0x00000007fd480000)
 ParOldGen       total 168960K, used 99595K [0x0000000780000000, 0x000000078a500000, 0x00000007d5500000)
  object space 168960K, 58% used [0x0000000780000000,0x0000000786142ee8,0x000000078a500000)
 PSPermGen       total 111104K, used 54359K [0x0000000750000000, 0x0000000756c80000, 0x0000000780000000)
  object space 111104K, 48% used [0x0000000750000000,0x0000000753515d88,0x0000000756c80000)
Event: 255,479 GC heap after
Heap after GC invocations=17 (full 2):
 PSYoungGen      total 617472K, used 5024K [0x00000007d5500000, 0x00000007ffd00000, 0x0000000800000000)
  eden space 612352K, 0% used [0x00000007d5500000,0x00000007d5500000,0x00000007fab00000)
  from space 5120K, 98% used [0x00000007fab00000,0x00000007fafe8000,0x00000007fb000000)
  to   space 41984K, 0% used [0x00000007fd400000,0x00000007fd400000,0x00000007ffd00000)
 ParOldGen       total 168960K, used 112131K [0x0000000780000000, 0x000000078a500000, 0x00000007d5500000)
  object space 168960K, 66% used [0x0000000780000000,0x0000000786d80ee8,0x000000078a500000)
 PSPermGen       total 111104K, used 54359K [0x0000000750000000, 0x0000000756c80000, 0x0000000780000000)
  object space 111104K, 48% used [0x0000000750000000,0x0000000753515d88,0x0000000756c80000)
}
Event: 259,528 GC heap before
{Heap before GC invocations=18 (full 2):
 PSYoungGen      total 617472K, used 617376K [0x00000007d5500000, 0x00000007ffd00000, 0x0000000800000000)
  eden space 612352K, 100% used [0x00000007d5500000,0x00000007fab00000,0x00000007fab00000)
  from space 5120K, 98% used [0x00000007fab00000,0x00000007fafe8000,0x00000007fb000000)
  to   space 41984K, 0% used [0x00000007fd400000,0x00000007fd400000,0x00000007ffd00000)
 ParOldGen       total 168960K, used 112131K [0x0000000780000000, 0x000000078a500000, 0x00000007d5500000)
  object space 168960K, 66% used [0x0000000780000000,0x0000000786d80ee8,0x000000078a500000)
 PSPermGen       total 111104K, used 62605K [0x0000000750000000, 0x0000000756c80000, 0x0000000780000000)
  object space 111104K, 56% used [0x0000000750000000,0x0000000753d23490,0x0000000756c80000)
Event: 259,886 GC heap after
Heap after GC invocations=18 (full 2):
 PSYoungGen      total 607232K, used 41956K [0x00000007d5500000, 0x0000000800000000, 0x0000000800000000)
  eden space 565248K, 0% used [0x00000007d5500000,0x00000007d5500000,0x00000007f7d00000)
  from space 41984K, 99% used [0x00000007fd400000,0x00000007ffcf9030,0x00000007ffd00000)
  to   space 67072K, 0% used [0x00000007f7d00000,0x00000007f7d00000,0x00000007fbe80000)
 ParOldGen       total 168960K, used 160613K [0x0000000780000000, 0x000000078a500000, 0x00000007d5500000)
  object space 168960K, 95% used [0x0000000780000000,0x0000000789cd9448,0x000000078a500000)
 PSPermGen       total 111104K, used 62605K [0x0000000750000000, 0x0000000756c80000, 0x0000000780000000)
  object space 111104K, 56% used [0x0000000750000000,0x0000000753d23490,0x0000000756c80000)
}
Event: 259,889 GC heap before
{Heap before GC invocations=19 (full 3):
 PSYoungGen      total 607232K, used 41956K [0x00000007d5500000, 0x0000000800000000, 0x0000000800000000)
  eden space 565248K, 0% used [0x00000007d5500000,0x00000007d5500000,0x00000007f7d00000)
  from space 41984K, 99% used [0x00000007fd400000,0x00000007ffcf9030,0x00000007ffd00000)
  to   space 67072K, 0% used [0x00000007f7d00000,0x00000007f7d00000,0x00000007fbe80000)
 ParOldGen       total 168960K, used 160613K [0x0000000780000000, 0x000000078a500000, 0x00000007d5500000)
  object space 168960K, 95% used [0x0000000780000000,0x0000000789cd9448,0x000000078a500000)
 PSPermGen       total 111104K, used 62605K [0x0000000750000000, 0x0000000756c80000, 0x0000000780000000)
  object space 111104K, 56% used [0x0000000750000000,0x0000000753d23490,0x0000000756c80000)

